Using pre-set license
Built from '2020.3/staging' branch; Version is '2020.3.6f1 (338bb68529b2) revision 3378102'; Using compiler version '192528614'; Build Type 'Release'
OS: 'Windows 10 Pro; OS build 19042.1415; Version 2009; 64bit' Language: 'ru' Physical Memory: 16347 MB
BatchMode: 1, IsHumanControllingUs: 0, StartBugReporterOnCrash: 0, Is64bit: 1, IsPro: 0

 COMMAND LINE ARGUMENTS:
C:\Program Files\Unity\Hub\Editor\2020.3.6f1\Editor\Unity.exe
-adb2
-batchMode
-noUpm
-name
AssetImportWorker0
-projectPath
D:/Projects/CasualFarmer
-logFile
Logs/AssetImportWorker0.log
-srvPort
51269
Successfully changed project path to: D:/Projects/CasualFarmer
D:/Projects/CasualFarmer
Using Asset Import Pipeline V2.
Refreshing native plugins compatible for Editor in 117.78 ms, found 1 plugins.
Preloading 0 native plugins for Editor in 0.00 ms.
Initialize engine version: 2020.3.6f1 (338bb68529b2)
[Subsystems] Discovering subsystems at path C:/Program Files/Unity/Hub/Editor/2020.3.6f1/Editor/Data/Resources/UnitySubsystems
[Subsystems] Discovering subsystems at path D:/Projects/CasualFarmer/Assets
GfxDevice: creating device client; threaded=0
Direct3D:
    Version:  Direct3D 11.0 [level 11.0]
    Renderer: NVIDIA GeForce GTX 650 (ID=0xfc6)
    Vendor:   
    VRAM:     2007 MB
    Driver:   27.21.14.5671
Initialize mono
Mono path[0] = 'C:/Program Files/Unity/Hub/Editor/2020.3.6f1/Editor/Data/Managed'
Mono path[1] = 'C:/Program Files/Unity/Hub/Editor/2020.3.6f1/Editor/Data/MonoBleedingEdge/lib/mono/unityjit'
Mono config path = 'C:/Program Files/Unity/Hub/Editor/2020.3.6f1/Editor/Data/MonoBleedingEdge/etc'
Using monoOptions --debugger-agent=transport=dt_socket,embedding=1,server=y,suspend=n,address=127.0.0.1:56600
Begin MonoManager ReloadAssembly
Registering precompiled unity dll's ...
Register platform support module: C:/Program Files/Unity/Hub/Editor/2020.3.6f1/Editor/Data/PlaybackEngines/WebGLSupport/UnityEditor.WebGL.Extensions.dll
Register platform support module: C:/Program Files/Unity/Hub/Editor/2020.3.6f1/Editor/Data/PlaybackEngines/MacStandaloneSupport/UnityEditor.OSXStandalone.Extensions.dll
Register platform support module: C:/Program Files/Unity/Hub/Editor/2020.3.6f1/Editor/Data/PlaybackEngines/WindowsStandaloneSupport/UnityEditor.WindowsStandalone.Extensions.dll
Registered in 0.004273 seconds.
Native extension for WindowsStandalone target not found
Native extension for OSXStandalone target not found
Native extension for WebGL target not found
Refreshing native plugins compatible for Editor in 126.24 ms, found 1 plugins.
Preloading 0 native plugins for Editor in 0.00 ms.
Mono: successfully reloaded assembly
- Completed reload, in  1.798 seconds
Platform modules already initialized, skipping
Registering precompiled user dll's ...
Registered in 0.002990 seconds.
Begin MonoManager ReloadAssembly
Symbol file LoadedFromMemory doesn't match image D:\Projects\CasualFarmer\Library\PackageCache\com.unity.visualscripting@1.6.1\Editor\VisualScripting.Core\Dependencies\YamlDotNet\Unity.VisualScripting.YamlDotNet.dll
Symbol file LoadedFromMemory doesn't match image D:\Projects\CasualFarmer\Library\PackageCache\com.unity.visualscripting@1.6.1\Editor\VisualScripting.Core\Dependencies\DotNetZip\Unity.VisualScripting.IonicZip.dll
Native extension for WindowsStandalone target not found
Native extension for OSXStandalone target not found
Native extension for WebGL target not found
Refreshing native plugins compatible for Editor in 0.79 ms, found 1 plugins.
Preloading 0 native plugins for Editor in 0.00 ms.
Mono: successfully reloaded assembly
- Completed reload, in  1.462 seconds
Platform modules already initialized, skipping
========================================================================
Worker process is ready to serve import requests
Launched and connected shader compiler UnityShaderCompiler.exe after 0.05 seconds
Refreshing native plugins compatible for Editor in 0.68 ms, found 1 plugins.
Preloading 0 native plugins for Editor in 0.00 ms.
Unloading 2844 Unused Serialized files (Serialized files now loaded: 0)
System memory in use before: 115.7 MB.
System memory in use after: 115.9 MB.

Unloading 15 unused Assets to reduce memory usage. Loaded Objects now: 3302.
Total: 3.481300 ms (FindLiveObjects: 0.335500 ms CreateObjectMapping: 0.315000 ms MarkObjects: 2.698600 ms  DeleteObjects: 0.130600 ms)

========================================================================
Received Import Request.
  path: Assets/SimpleNaturePack/Prefabs
  artifactKey: Guid(245080b10b3a2d542a041d0b8f4fe0dc) Importer(815301076,1909f56bfc062723c751e8b465ee728b)
Start importing Assets/SimpleNaturePack/Prefabs using Guid(245080b10b3a2d542a041d0b8f4fe0dc) Importer(815301076,1909f56bfc062723c751e8b465ee728b)  -> (artifact id: 'b9e12fcf5cbe919ffadd622860223d82') in 0.013223 seconds
  Import took 0.019911 seconds .

========================================================================
Received Import Request.
  Time since last request: 4.672263 seconds.
  path: Assets/SimpleNaturePack/Prefabs/Beach.mat
  artifactKey: Guid(a748bbdafed435643bb5b0c9eeeede9f) Importer(815301076,1909f56bfc062723c751e8b465ee728b)
Start importing Assets/SimpleNaturePack/Prefabs/Beach.mat using Guid(a748bbdafed435643bb5b0c9eeeede9f) Importer(815301076,1909f56bfc062723c751e8b465ee728b)  -> (artifact id: 'f66f1e98e1c2ff0eff01ceed43f7f533') in 0.145303 seconds
  Import took 0.151817 seconds .

========================================================================
Received Import Request.
  Time since last request: 26.876473 seconds.
  path: Assets/LowPolyFarmLite/Models/Box_01.fbx
  artifactKey: Guid(ff53e1a687da3e94aad8ba03f54ffac9) Importer(815301076,1909f56bfc062723c751e8b465ee728b)
Start importing Assets/LowPolyFarmLite/Models/Box_01.fbx using Guid(ff53e1a687da3e94aad8ba03f54ffac9) Importer(815301076,1909f56bfc062723c751e8b465ee728b)  -> (artifact id: '9ca3ce9fad56fb63fb43d8b2b06c34d8') in 0.236312 seconds
  Import took 0.242743 seconds .

========================================================================
Received Import Request.
  Time since last request: 0.000385 seconds.
  path: Assets/BrokenVector/LowPolyFencePack/Prefabs/Fence Type5 Big.prefab
  artifactKey: Guid(6bea119038cba374387862a060db5358) Importer(815301076,1909f56bfc062723c751e8b465ee728b)
Start importing Assets/BrokenVector/LowPolyFencePack/Prefabs/Fence Type5 Big.prefab using Guid(6bea119038cba374387862a060db5358) Importer(815301076,1909f56bfc062723c751e8b465ee728b)  -> (artifact id: '7fa2d69067118341e7f857adf1c51f5e') in 0.370355 seconds
  Import took 0.375788 seconds .

========================================================================
Received Import Request.
  Time since last request: 0.000374 seconds.
  path: Assets/Joystick Pack/Prefabs/Variable Joystick.prefab
  artifactKey: Guid(ec536a7718376554185e4a856d5ae230) Importer(815301076,1909f56bfc062723c751e8b465ee728b)
Start importing Assets/Joystick Pack/Prefabs/Variable Joystick.prefab using Guid(ec536a7718376554185e4a856d5ae230) Importer(815301076,1909f56bfc062723c751e8b465ee728b)  -> (artifact id: '9524ddc976f967286910453016292c99') in 0.088853 seconds
  Import took 0.094890 seconds .

========================================================================
Received Import Request.
  Time since last request: 0.000368 seconds.
  path: Assets/BrokenVector/LowPolyFencePack/Prefabs/Fence Type4 Big.prefab
  artifactKey: Guid(6c7e01809ee343847a660faeaa78d718) Importer(815301076,1909f56bfc062723c751e8b465ee728b)
Start importing Assets/BrokenVector/LowPolyFencePack/Prefabs/Fence Type4 Big.prefab using Guid(6c7e01809ee343847a660faeaa78d718) Importer(815301076,1909f56bfc062723c751e8b465ee728b)  -> (artifact id: '2f0f2c568e82931bb1e4f8a5e9aad43f') in 0.096059 seconds
  Import took 0.101743 seconds .

========================================================================
Received Import Request.
  Time since last request: 0.000365 seconds.
  path: Assets/Customizable Skybox/Model/Low Poly Island.fbx
  artifactKey: Guid(9e1cb89bae143d046bb9dba32b57bed0) Importer(815301076,1909f56bfc062723c751e8b465ee728b)
Start importing Assets/Customizable Skybox/Model/Low Poly Island.fbx using Guid(9e1cb89bae143d046bb9dba32b57bed0) Importer(815301076,1909f56bfc062723c751e8b465ee728b)  -> (artifact id: 'f2c891932d334372f694631e335587ea') in 0.328733 seconds
  Import took 0.334526 seconds .

========================================================================
Received Import Request.
  Time since last request: 0.000301 seconds.
  path: Assets/BrokenVector/LowPolyFencePack/Models/Fence Type4 Big.dae
  artifactKey: Guid(73b1ed3ef1428a24787cba8b7d5ac6b1) Importer(815301076,1909f56bfc062723c751e8b465ee728b)
Start importing Assets/BrokenVector/LowPolyFencePack/Models/Fence Type4 Big.dae using Guid(73b1ed3ef1428a24787cba8b7d5ac6b1) Importer(815301076,1909f56bfc062723c751e8b465ee728b)  -> (artifact id: '9ca7add3ac0f8193f937f31fdf21ee6c') in 0.052825 seconds
  Import took 0.058683 seconds .

========================================================================
Received Import Request.
  Time since last request: 0.000266 seconds.
  path: Assets/LowPolyFarmLite/Models/Cabbage_01.fbx
  artifactKey: Guid(0f50786d35eebcf44805f9d5fb326c11) Importer(815301076,1909f56bfc062723c751e8b465ee728b)
Start importing Assets/LowPolyFarmLite/Models/Cabbage_01.fbx using Guid(0f50786d35eebcf44805f9d5fb326c11) Importer(815301076,1909f56bfc062723c751e8b465ee728b)  -> (artifact id: '0fb556484a66c9cfd91cf5f99fe0f78e') in 0.082866 seconds
  Import took 0.088889 seconds .

========================================================================
Received Import Request.
  Time since last request: 0.000296 seconds.
  path: Assets/BrokenVector/LowPolyFencePack/Materials/Brown Wood.mat
  artifactKey: Guid(1fc121be3f680634fbb8cab1fa2d47c8) Importer(815301076,1909f56bfc062723c751e8b465ee728b)
Start importing Assets/BrokenVector/LowPolyFencePack/Materials/Brown Wood.mat using Guid(1fc121be3f680634fbb8cab1fa2d47c8) Importer(815301076,1909f56bfc062723c751e8b465ee728b)  -> (artifact id: 'c62108d393f1471baacda32fe83b094b') in 0.017850 seconds
  Import took 0.023869 seconds .

========================================================================
Received Import Request.
  Time since last request: 0.000283 seconds.
  path: Assets/Customizable Skybox/Model/Materials/pine brown.mat
  artifactKey: Guid(23884aea9e628ee45a87314c9fd2483e) Importer(815301076,1909f56bfc062723c751e8b465ee728b)
Start importing Assets/Customizable Skybox/Model/Materials/pine brown.mat using Guid(23884aea9e628ee45a87314c9fd2483e) Importer(815301076,1909f56bfc062723c751e8b465ee728b)  -> (artifact id: '7feddeefd4c82b7f9e7890366c19a14c') in 0.022597 seconds
  Import took 0.029976 seconds .

========================================================================
Received Import Request.
  Time since last request: 0.000217 seconds.
  path: Assets/LowPolyWater_Pack/LowPoly Island/textures/textureAmbient_Occlusion.jpg
  artifactKey: Guid(b9b487cdf5f0a1446986165bc650935d) Importer(815301076,1909f56bfc062723c751e8b465ee728b)
Start importing Assets/LowPolyWater_Pack/LowPoly Island/textures/textureAmbient_Occlusion.jpg using Guid(b9b487cdf5f0a1446986165bc650935d) Importer(815301076,1909f56bfc062723c751e8b465ee728b)  -> (artifact id: 'f1b3461dc95b005eead3eb9eb6a4391d') in 0.081230 seconds
  Import took 0.087134 seconds .

========================================================================
Received Import Request.
  Time since last request: 0.000283 seconds.
  path: Assets/SimpleNaturePack/Models/Bush_01.fbx
  artifactKey: Guid(d8ea93d2d4757e444a5349f4bc849128) Importer(815301076,1909f56bfc062723c751e8b465ee728b)
Start importing Assets/SimpleNaturePack/Models/Bush_01.fbx using Guid(d8ea93d2d4757e444a5349f4bc849128) Importer(815301076,1909f56bfc062723c751e8b465ee728b)  -> (artifact id: '98b5f887b43191c9ea7414b46c45d6cc') in 0.034074 seconds
  Import took 0.039958 seconds .

========================================================================
Received Import Request.
  Time since last request: 0.000543 seconds.
  path: Assets/BrokenVector/LowPolyFencePack/Prefabs/Fence Type6 Big.prefab
  artifactKey: Guid(ac1f0ef7b8bec92458549c915b3114b7) Importer(815301076,1909f56bfc062723c751e8b465ee728b)
Start importing Assets/BrokenVector/LowPolyFencePack/Prefabs/Fence Type6 Big.prefab using Guid(ac1f0ef7b8bec92458549c915b3114b7) Importer(815301076,1909f56bfc062723c751e8b465ee728b)  -> (artifact id: '150fe6f756e60ef7d6c3ede53b0f545f') in 0.079379 seconds
  Import took 0.085394 seconds .

========================================================================
Received Import Request.
  Time since last request: 0.000347 seconds.
  path: Assets/SimpleNaturePack/Models/Bush_02.fbx
  artifactKey: Guid(ba52853a69186a841a52a9cc2e9b77fa) Importer(815301076,1909f56bfc062723c751e8b465ee728b)
Start importing Assets/SimpleNaturePack/Models/Bush_02.fbx using Guid(ba52853a69186a841a52a9cc2e9b77fa) Importer(815301076,1909f56bfc062723c751e8b465ee728b)  -> (artifact id: '3989ce218fc2cea3d8c25adce093820c') in 0.021078 seconds
  Import took 0.028947 seconds .

========================================================================
Received Import Request.
  Time since last request: 0.000291 seconds.
  path: Assets/BrokenVector/LowPolyFencePack/Materials/Colorsheets/Colorsheet Wood Brown.png
  artifactKey: Guid(d63761f76a7a53b43b47dd37908310e3) Importer(815301076,1909f56bfc062723c751e8b465ee728b)
Start importing Assets/BrokenVector/LowPolyFencePack/Materials/Colorsheets/Colorsheet Wood Brown.png using Guid(d63761f76a7a53b43b47dd37908310e3) Importer(815301076,1909f56bfc062723c751e8b465ee728b)  -> (artifact id: '6f7b672b93a13feb9cc689209e126598') in 0.015462 seconds
  Import took 0.021888 seconds .

========================================================================
Received Import Request.
  Time since last request: 0.000276 seconds.
  path: Assets/BrokenVector/LowPolyFencePack/Models/Fence Type6 Big.dae
  artifactKey: Guid(528e1a5bd85e7dd4781f1fdd6a8cb01a) Importer(815301076,1909f56bfc062723c751e8b465ee728b)
Start importing Assets/BrokenVector/LowPolyFencePack/Models/Fence Type6 Big.dae using Guid(528e1a5bd85e7dd4781f1fdd6a8cb01a) Importer(815301076,1909f56bfc062723c751e8b465ee728b)  -> (artifact id: 'da911b547514f246254a53208833df42') in 0.019390 seconds
  Import took 0.026908 seconds .

========================================================================
Received Import Request.
  Time since last request: 0.000217 seconds.
  path: Assets/BrokenVector/LowPolyFencePack/Models/Fence Type5 Big.dae
  artifactKey: Guid(1f40fa7399dd9aa4b93f77317682f7ed) Importer(815301076,1909f56bfc062723c751e8b465ee728b)
Start importing Assets/BrokenVector/LowPolyFencePack/Models/Fence Type5 Big.dae using Guid(1f40fa7399dd9aa4b93f77317682f7ed) Importer(815301076,1909f56bfc062723c751e8b465ee728b)  -> (artifact id: '466a9c578ba42dbf69ef2e4ed3ec3a94') in 0.022748 seconds
  Import took 0.029259 seconds .

========================================================================
Received Import Request.
  Time since last request: 0.000115 seconds.
  path: Assets/SimpleNaturePack/Models/Branch_01.fbx
  artifactKey: Guid(5528351815fd4c04abf537f22c7e18f1) Importer(815301076,1909f56bfc062723c751e8b465ee728b)
Start importing Assets/SimpleNaturePack/Models/Branch_01.fbx using Guid(5528351815fd4c04abf537f22c7e18f1) Importer(815301076,1909f56bfc062723c751e8b465ee728b)  -> (artifact id: '04ba87c814a80c253cebccc4d23f2213') in 0.042822 seconds
  Import took 0.048754 seconds .

========================================================================
Received Prepare
Registering precompiled user dll's ...
Registered in 0.003467 seconds.
Begin MonoManager ReloadAssembly
Symbol file LoadedFromMemory doesn't match image D:\Projects\CasualFarmer\Library\PackageCache\com.unity.visualscripting@1.6.1\Editor\VisualScripting.Core\Dependencies\YamlDotNet\Unity.VisualScripting.YamlDotNet.dll
Symbol file LoadedFromMemory doesn't match image D:\Projects\CasualFarmer\Library\PackageCache\com.unity.visualscripting@1.6.1\Editor\VisualScripting.Core\Dependencies\DotNetZip\Unity.VisualScripting.IonicZip.dll
Native extension for WindowsStandalone target not found
Native extension for OSXStandalone target not found
Native extension for WebGL target not found
Refreshing native plugins compatible for Editor in 0.73 ms, found 1 plugins.
Preloading 0 native plugins for Editor in 0.00 ms.
Mono: successfully reloaded assembly
- Completed reload, in  1.333 seconds
Platform modules already initialized, skipping
Refreshing native plugins compatible for Editor in 0.70 ms, found 1 plugins.
Preloading 0 native plugins for Editor in 0.00 ms.
Unloading 2834 Unused Serialized files (Serialized files now loaded: 0)
System memory in use before: 118.8 MB.
System memory in use after: 119.0 MB.

Unloading 11 unused Assets to reduce memory usage. Loaded Objects now: 3350.
Total: 2.995000 ms (FindLiveObjects: 0.390800 ms CreateObjectMapping: 0.249000 ms MarkObjects: 2.255300 ms  DeleteObjects: 0.097700 ms)

========================================================================
Received Import Request.
  Time since last request: 328.327180 seconds.
  path: Assets/New Terrain 1.asset
  artifactKey: Guid(fbed8000d18a2f9428b14e09c9d8ae89) Importer(815301076,1909f56bfc062723c751e8b465ee728b)
Start importing Assets/New Terrain 1.asset using Guid(fbed8000d18a2f9428b14e09c9d8ae89) Importer(815301076,1909f56bfc062723c751e8b465ee728b)  -> (artifact id: '2dd8fe6698428b70b9461f02663d5de5') in 0.034268 seconds
  Import took 0.043473 seconds .

========================================================================
Received Import Request.
  Time since last request: 0.005725 seconds.
  path: Assets/New Terrain 1.asset
  artifactKey: Guid(fbed8000d18a2f9428b14e09c9d8ae89) Importer(815301076,1909f56bfc062723c751e8b465ee728b)
Start importing Assets/New Terrain 1.asset using Guid(fbed8000d18a2f9428b14e09c9d8ae89) Importer(815301076,1909f56bfc062723c751e8b465ee728b)  -> (artifact id: '2dd8fe6698428b70b9461f02663d5de5') in 0.009799 seconds
  Import took 0.017353 seconds .

========================================================================
Received Prepare
Registering precompiled user dll's ...
Registered in 0.003263 seconds.
Begin MonoManager ReloadAssembly
Symbol file LoadedFromMemory doesn't match image D:\Projects\CasualFarmer\Library\PackageCache\com.unity.visualscripting@1.6.1\Editor\VisualScripting.Core\Dependencies\YamlDotNet\Unity.VisualScripting.YamlDotNet.dll
Symbol file LoadedFromMemory doesn't match image D:\Projects\CasualFarmer\Library\PackageCache\com.unity.visualscripting@1.6.1\Editor\VisualScripting.Core\Dependencies\DotNetZip\Unity.VisualScripting.IonicZip.dll
Native extension for WindowsStandalone target not found
Native extension for OSXStandalone target not found
Native extension for WebGL target not found
Refreshing native plugins compatible for Editor in 1.02 ms, found 1 plugins.
Preloading 0 native plugins for Editor in 0.00 ms.
Mono: successfully reloaded assembly
- Completed reload, in  1.588 seconds
Platform modules already initialized, skipping
Refreshing native plugins compatible for Editor in 1.43 ms, found 1 plugins.
Preloading 0 native plugins for Editor in 0.00 ms.
Unloading 2834 Unused Serialized files (Serialized files now loaded: 0)
System memory in use before: 118.9 MB.
System memory in use after: 119.1 MB.

Unloading 10 unused Assets to reduce memory usage. Loaded Objects now: 3353.
Total: 4.363200 ms (FindLiveObjects: 0.555900 ms CreateObjectMapping: 0.805100 ms MarkObjects: 2.814000 ms  DeleteObjects: 0.185800 ms)

========================================================================
Received Import Request.
  Time since last request: 412.503732 seconds.
  path: Assets/LowPolyWater_Pack/Shaders
  artifactKey: Guid(17d9944b3f283fa46965598df2c50009) Importer(815301076,1909f56bfc062723c751e8b465ee728b)
Start importing Assets/LowPolyWater_Pack/Shaders using Guid(17d9944b3f283fa46965598df2c50009) Importer(815301076,1909f56bfc062723c751e8b465ee728b)  -> (artifact id: '237c24a24b0c1c156a96204d2bc833a9') in 0.018050 seconds
  Import took 0.025679 seconds .

========================================================================
Received Import Request.
  Time since last request: 19.295072 seconds.
  path: Assets/LowPolyWater_Pack/Scripts/Editor/GeneratePlane.cs
  artifactKey: Guid(6fe99e92f179e48498503818d15ac6aa) Importer(815301076,1909f56bfc062723c751e8b465ee728b)
Start importing Assets/LowPolyWater_Pack/Scripts/Editor/GeneratePlane.cs using Guid(6fe99e92f179e48498503818d15ac6aa) Importer(815301076,1909f56bfc062723c751e8b465ee728b)  -> (artifact id: 'bed8f9c0ee849a8eaf22da87ef2e6112') in 0.027029 seconds
  Import took 0.088406 seconds .

========================================================================
Received Import Request.
  Time since last request: 344.046364 seconds.
  path: Assets/LowPolyTerrainGeneration/Testing/Graphics/Tree01.prefab
  artifactKey: Guid(0fbe636e07bdbd741ad139715a2cfb20) Importer(815301076,1909f56bfc062723c751e8b465ee728b)
Start importing Assets/LowPolyTerrainGeneration/Testing/Graphics/Tree01.prefab using Guid(0fbe636e07bdbd741ad139715a2cfb20) Importer(815301076,1909f56bfc062723c751e8b465ee728b)  -> (artifact id: '283955243f2963f4dbae6c9d00708caa') in 0.584537 seconds
  Import took 0.592874 seconds .

========================================================================
Received Import Request.
  Time since last request: 0.000362 seconds.
  path: Assets/LowPolyTerrainGeneration/Testing/Graphics/Tree02.prefab
  artifactKey: Guid(de591bcd9f813554298436ea325b841d) Importer(815301076,1909f56bfc062723c751e8b465ee728b)
Start importing Assets/LowPolyTerrainGeneration/Testing/Graphics/Tree02.prefab using Guid(de591bcd9f813554298436ea325b841d) Importer(815301076,1909f56bfc062723c751e8b465ee728b)  -> (artifact id: '44654d506f0144a99868f069bdcdc955') in 0.010628 seconds
  Import took 0.017101 seconds .

========================================================================
Received Import Request.
  Time since last request: 0.000169 seconds.
  path: Assets/LowPolyTerrainGeneration/Testing/Graphics/Tree01.prefab
  artifactKey: Guid(0fbe636e07bdbd741ad139715a2cfb20) Importer(815301076,1909f56bfc062723c751e8b465ee728b)
Start importing Assets/LowPolyTerrainGeneration/Testing/Graphics/Tree01.prefab using Guid(0fbe636e07bdbd741ad139715a2cfb20) Importer(815301076,1909f56bfc062723c751e8b465ee728b)  -> (artifact id: '283955243f2963f4dbae6c9d00708caa') in 0.004362 seconds
  Import took 0.010624 seconds .

========================================================================
Received Import Request.
  Time since last request: 0.000281 seconds.
  path: Assets/LowPolyTerrainGeneration/Testing/Graphics/Tree02.prefab
  artifactKey: Guid(de591bcd9f813554298436ea325b841d) Importer(815301076,1909f56bfc062723c751e8b465ee728b)
Start importing Assets/LowPolyTerrainGeneration/Testing/Graphics/Tree02.prefab using Guid(de591bcd9f813554298436ea325b841d) Importer(815301076,1909f56bfc062723c751e8b465ee728b)  -> (artifact id: '44654d506f0144a99868f069bdcdc955') in 0.003915 seconds
  Import took 0.010656 seconds .

========================================================================
Received Import Request.
  Time since last request: 128.107258 seconds.
  path: Assets/Scenes/New Scene.unity
  artifactKey: Guid(ebf9038e24d392d49bfdf383edda4d3f) Importer(815301076,1909f56bfc062723c751e8b465ee728b)
Start importing Assets/Scenes/New Scene.unity using Guid(ebf9038e24d392d49bfdf383edda4d3f) Importer(815301076,1909f56bfc062723c751e8b465ee728b)  -> (artifact id: 'fbd967049b75908b35ddaeaf493fe467') in 0.009271 seconds
  Import took 0.550897 seconds .

========================================================================
Received Import Request.
  Time since last request: 179.243534 seconds.
  path: Assets/LowPolyWater_Pack/Materials/LowPolyWaterMaterial.mat
  artifactKey: Guid(8538bd626cb3e80478f62e319f75e337) Importer(815301076,1909f56bfc062723c751e8b465ee728b)
Start importing Assets/LowPolyWater_Pack/Materials/LowPolyWaterMaterial.mat using Guid(8538bd626cb3e80478f62e319f75e337) Importer(815301076,1909f56bfc062723c751e8b465ee728b)  -> (artifact id: 'b93e4967acdcc3a9e55fa1c95ea12836') in 0.071218 seconds
  Import took 0.078648 seconds .

========================================================================
Received Import Request.
  Time since last request: 133.016659 seconds.
  path: Assets/SimpleNaturePack/Materials/New Material.mat
  artifactKey: Guid(0b1b25a4a35bc0045a9c994b8658853b) Importer(815301076,1909f56bfc062723c751e8b465ee728b)
Start importing Assets/SimpleNaturePack/Materials/New Material.mat using Guid(0b1b25a4a35bc0045a9c994b8658853b) Importer(815301076,1909f56bfc062723c751e8b465ee728b)  -> (artifact id: '6dd109238e0598de5816a3745909d4d6') in 0.018018 seconds
  Import took 0.531946 seconds .

========================================================================
Received Import Request.
  Time since last request: 1885.171721 seconds.
  path: Assets/LowPolyFarmLite/Materials/LowPolyFarmLite_MAIN.mat
  artifactKey: Guid(382e2b1b7fbf94945963320a17603c7c) Importer(815301076,1909f56bfc062723c751e8b465ee728b)
Start importing Assets/LowPolyFarmLite/Materials/LowPolyFarmLite_MAIN.mat using Guid(382e2b1b7fbf94945963320a17603c7c) Importer(815301076,1909f56bfc062723c751e8b465ee728b)  -> (artifact id: '8390142c597902840f08071a9cf92f87') in 0.022791 seconds
  Import took 0.029696 seconds .

========================================================================
Received Import Request.
  Time since last request: 0.000326 seconds.
  path: Assets/SimpleNaturePack/New Material.mat
  artifactKey: Guid(4ad89cc5def884441b2ff881a4fa9364) Importer(815301076,1909f56bfc062723c751e8b465ee728b)
Start importing Assets/SimpleNaturePack/New Material.mat using Guid(4ad89cc5def884441b2ff881a4fa9364) Importer(815301076,1909f56bfc062723c751e8b465ee728b)  -> (artifact id: '352e000c66ab1a0d539bce4fd2739ac9') in 0.383255 seconds
  Import took 0.390049 seconds .

========================================================================
Received Import Request.
  Time since last request: 0.000502 seconds.
  path: Assets/LowPolyFarmLite/Models/Terrain_01.fbx
  artifactKey: Guid(593fb94d50cebfc42887e62a057c01fd) Importer(815301076,1909f56bfc062723c751e8b465ee728b)
Start importing Assets/LowPolyFarmLite/Models/Terrain_01.fbx using Guid(593fb94d50cebfc42887e62a057c01fd) Importer(815301076,1909f56bfc062723c751e8b465ee728b)  -> (artifact id: '04cdeafcf1465d853f11537317748687') in 0.095661 seconds
  Import took 0.102983 seconds .

========================================================================
Received Import Request.
  Time since last request: 0.000254 seconds.
  path: Assets/LowPolyFarmLite/Textures/LowPolyFarmLite_Texture_01.png
  artifactKey: Guid(7bc9a4bafdf20d7409ec5c6155c56f4e) Importer(815301076,1909f56bfc062723c751e8b465ee728b)
Start importing Assets/LowPolyFarmLite/Textures/LowPolyFarmLite_Texture_01.png using Guid(7bc9a4bafdf20d7409ec5c6155c56f4e) Importer(815301076,1909f56bfc062723c751e8b465ee728b)  -> (artifact id: 'd16778b38e3802d2308f90a25a902835') in 0.028403 seconds
  Import took 0.035188 seconds .

========================================================================
Received Import Request.
  Time since last request: 0.000188 seconds.
  path: Assets/Customizable Skybox/Model/Materials/Material.003.mat
  artifactKey: Guid(0b82edc333f454f4fab3b93e8ececd1a) Importer(815301076,1909f56bfc062723c751e8b465ee728b)
Start importing Assets/Customizable Skybox/Model/Materials/Material.003.mat using Guid(0b82edc333f454f4fab3b93e8ececd1a) Importer(815301076,1909f56bfc062723c751e8b465ee728b)  -> (artifact id: '3df3b0ceccfb3d7b507e5b0bd40f3a16') in 0.015543 seconds
  Import took 0.023100 seconds .

========================================================================
Received Import Request.
  Time since last request: 0.000352 seconds.
  path: Assets/LowPolyWater_Pack/LowPoly Island/textures/textureSurface_Color_2.jpg
  artifactKey: Guid(c4b4ad6529883dc43874119c9045638a) Importer(815301076,1909f56bfc062723c751e8b465ee728b)
Start importing Assets/LowPolyWater_Pack/LowPoly Island/textures/textureSurface_Color_2.jpg using Guid(c4b4ad6529883dc43874119c9045638a) Importer(815301076,1909f56bfc062723c751e8b465ee728b)  -> (artifact id: '565918c4b7c6dc93c43ffb63fc52e509') in 0.060774 seconds
  Import took 0.067863 seconds .

========================================================================
Received Import Request.
  Time since last request: 0.000249 seconds.
  path: Assets/SimpleNaturePack/Textures/NaturePackLite_Texture_01.png
  artifactKey: Guid(28a51d508c86a8948b59df81d5188b17) Importer(815301076,1909f56bfc062723c751e8b465ee728b)
Start importing Assets/SimpleNaturePack/Textures/NaturePackLite_Texture_01.png using Guid(28a51d508c86a8948b59df81d5188b17) Importer(815301076,1909f56bfc062723c751e8b465ee728b)  -> (artifact id: '9affff74a4d5b45a8532018efad21a62') in 0.012387 seconds
  Import took 0.018478 seconds .

========================================================================
Received Import Request.
  Time since last request: 0.000222 seconds.
  path: Assets/LowPolyFarmLite/Models/WateringCan_01.fbx
  artifactKey: Guid(1311afae6eeeaa84fbfa2d81fcaf9a8d) Importer(815301076,1909f56bfc062723c751e8b465ee728b)
Start importing Assets/LowPolyFarmLite/Models/WateringCan_01.fbx using Guid(1311afae6eeeaa84fbfa2d81fcaf9a8d) Importer(815301076,1909f56bfc062723c751e8b465ee728b)  -> (artifact id: 'b8a69cf15b6288a3dbe02c48333768c6') in 0.069682 seconds
  Import took 0.075267 seconds .

AssetImportWorkerClient::OnTransportError - code=2 error=End of file
