Using pre-set license
Built from '2020.3/staging' branch; Version is '2020.3.6f1 (338bb68529b2) revision 3378102'; Using compiler version '192528614'; Build Type 'Release'
OS: 'Windows 10 Pro; OS build 19042.1415; Version 2009; 64bit' Language: 'ru' Physical Memory: 16347 MB
BatchMode: 1, IsHumanControllingUs: 0, StartBugReporterOnCrash: 0, Is64bit: 1, IsPro: 0

 COMMAND LINE ARGUMENTS:
C:\Program Files\Unity\Hub\Editor\2020.3.6f1\Editor\Unity.exe
-adb2
-batchMode
-noUpm
-name
AssetImportWorker0
-projectPath
D:/Projects/CasualFarmer
-logFile
Logs/AssetImportWorker0.log
-srvPort
50808
Successfully changed project path to: D:/Projects/CasualFarmer
D:/Projects/CasualFarmer
Using Asset Import Pipeline V2.
Refreshing native plugins compatible for Editor in 114.47 ms, found 1 plugins.
Preloading 0 native plugins for Editor in 0.00 ms.
Initialize engine version: 2020.3.6f1 (338bb68529b2)
[Subsystems] Discovering subsystems at path C:/Program Files/Unity/Hub/Editor/2020.3.6f1/Editor/Data/Resources/UnitySubsystems
[Subsystems] Discovering subsystems at path D:/Projects/CasualFarmer/Assets
GfxDevice: creating device client; threaded=0
Direct3D:
    Version:  Direct3D 11.0 [level 11.0]
    Renderer: NVIDIA GeForce GTX 650 (ID=0xfc6)
    Vendor:   
    VRAM:     2007 MB
    Driver:   27.21.14.5671
Initialize mono
Mono path[0] = 'C:/Program Files/Unity/Hub/Editor/2020.3.6f1/Editor/Data/Managed'
Mono path[1] = 'C:/Program Files/Unity/Hub/Editor/2020.3.6f1/Editor/Data/MonoBleedingEdge/lib/mono/unityjit'
Mono config path = 'C:/Program Files/Unity/Hub/Editor/2020.3.6f1/Editor/Data/MonoBleedingEdge/etc'
Using monoOptions --debugger-agent=transport=dt_socket,embedding=1,server=y,suspend=n,address=127.0.0.1:56304
Begin MonoManager ReloadAssembly
Registering precompiled unity dll's ...
Register platform support module: C:/Program Files/Unity/Hub/Editor/2020.3.6f1/Editor/Data/PlaybackEngines/WebGLSupport/UnityEditor.WebGL.Extensions.dll
Register platform support module: C:/Program Files/Unity/Hub/Editor/2020.3.6f1/Editor/Data/PlaybackEngines/MacStandaloneSupport/UnityEditor.OSXStandalone.Extensions.dll
Register platform support module: C:/Program Files/Unity/Hub/Editor/2020.3.6f1/Editor/Data/PlaybackEngines/WindowsStandaloneSupport/UnityEditor.WindowsStandalone.Extensions.dll
Registered in 0.004510 seconds.
Native extension for WindowsStandalone target not found
Native extension for OSXStandalone target not found
Native extension for WebGL target not found
Refreshing native plugins compatible for Editor in 129.74 ms, found 1 plugins.
Preloading 0 native plugins for Editor in 0.00 ms.
Mono: successfully reloaded assembly
- Completed reload, in  1.910 seconds
Platform modules already initialized, skipping
Registering precompiled user dll's ...
Registered in 0.003632 seconds.
Begin MonoManager ReloadAssembly
Symbol file LoadedFromMemory doesn't match image D:\Projects\CasualFarmer\Library\PackageCache\com.unity.visualscripting@1.6.1\Editor\VisualScripting.Core\Dependencies\YamlDotNet\Unity.VisualScripting.YamlDotNet.dll
Symbol file LoadedFromMemory doesn't match image D:\Projects\CasualFarmer\Library\PackageCache\com.unity.visualscripting@1.6.1\Editor\VisualScripting.Core\Dependencies\DotNetZip\Unity.VisualScripting.IonicZip.dll
Native extension for WindowsStandalone target not found
Native extension for OSXStandalone target not found
Native extension for WebGL target not found
Refreshing native plugins compatible for Editor in 0.73 ms, found 1 plugins.
Preloading 0 native plugins for Editor in 0.00 ms.
Mono: successfully reloaded assembly
- Completed reload, in  1.518 seconds
Platform modules already initialized, skipping
========================================================================
Worker process is ready to serve import requests
Launched and connected shader compiler UnityShaderCompiler.exe after 0.05 seconds
Refreshing native plugins compatible for Editor in 0.72 ms, found 1 plugins.
Preloading 0 native plugins for Editor in 0.00 ms.
Unloading 2844 Unused Serialized files (Serialized files now loaded: 0)
System memory in use before: 116.0 MB.
System memory in use after: 116.1 MB.

Unloading 15 unused Assets to reduce memory usage. Loaded Objects now: 3302.
Total: 3.026000 ms (FindLiveObjects: 0.432400 ms CreateObjectMapping: 0.334100 ms MarkObjects: 2.103800 ms  DeleteObjects: 0.154300 ms)

========================================================================
Received Import Request.
  path: Assets/LowPolyFarmLite
  artifactKey: Guid(b2275512178b7464c86e6783517e0783) Importer(815301076,1909f56bfc062723c751e8b465ee728b)
Start importing Assets/LowPolyFarmLite using Guid(b2275512178b7464c86e6783517e0783) Importer(815301076,1909f56bfc062723c751e8b465ee728b)  -> (artifact id: '97570f1b8097be25096e927d9973c1be') in 0.013272 seconds
  Import took 0.032480 seconds .

========================================================================
Received Import Request.
  Time since last request: 2.913919 seconds.
  path: Assets/Joystick Pack
  artifactKey: Guid(48a48c0d2dd7c7b409c1b21b05642e31) Importer(815301076,1909f56bfc062723c751e8b465ee728b)
Start importing Assets/Joystick Pack using Guid(48a48c0d2dd7c7b409c1b21b05642e31) Importer(815301076,1909f56bfc062723c751e8b465ee728b)  -> (artifact id: '953d76fe7bd59945a85a060f6d699516') in 0.009448 seconds
  Import took 0.016232 seconds .

========================================================================
Received Import Request.
  Time since last request: 1.620435 seconds.
  path: Assets/BrokenVector
  artifactKey: Guid(d701f48ba36c37341a42608f4562d885) Importer(815301076,1909f56bfc062723c751e8b465ee728b)
Start importing Assets/BrokenVector using Guid(d701f48ba36c37341a42608f4562d885) Importer(815301076,1909f56bfc062723c751e8b465ee728b)  -> (artifact id: '70a41373a6d66eb057cc47815b0fd02a') in 0.011094 seconds
  Import took 0.017833 seconds .

AssetImportWorkerClient::OnTransportError - code=2 error=End of file
